<?xml version="1.0" encoding="UTF-8"?>
<testng-results ignored="0" total="1" passed="1" failed="0" skipped="0">
  <reporter-output>
  </reporter-output>
  <suite started-at="2022-12-09T18:49:33 IST" name="Default suite" finished-at="2022-12-09T18:49:33 IST" duration-ms="169">
    <groups>
    </groups>
    <test started-at="2022-12-09T18:49:33 IST" name="Default test" finished-at="2022-12-09T18:49:33 IST" duration-ms="169">
      <class name="StepDefinition.LoginSteps">
        <test-method signature="user_launch_chrome_browser()[pri:0, instance:StepDefinition.LoginSteps@1a482e36]" started-at="2022-12-09T18:49:33 IST" name="user_launch_chrome_browser" finished-at="2022-12-09T18:49:33 IST" duration-ms="36" status="PASS">
          <reporter-output>
          </reporter-output>
        </test-method> <!-- user_launch_chrome_browser -->
      </class> <!-- StepDefinition.LoginSteps -->
    </test> <!-- Default test -->
  </suite> <!-- Default suite -->
</testng-results>
